Starting HTML generation
Generating header
Processing 2 sections
Generating section 0
Starting section generation
Processing 5 fields
Generating field 0
Field 0 generated successfully
Generating field 1
Field 1 generated successfully
Generating field 2
Field 2 generated successfully
Generating field 3
Field 3 generated successfully
Generating field 4
Field 4 generated successfully
Section generation complete
Generating section 1
Starting section generation
Processing 4 fields
Generating field 0
Field 0 generated successfully
Generating field 1
Field 1 generated successfully
Generating field 2
Field 2 generated successfully
Generating field 3
Field 3 generated successfully
Section generation complete
HTML generation complete
