Parser Error: syntax error, unexpected NUMBER_LITERAL, expecting STRING_LITERAL at line 22
Parser Error: Invalid field declaration at line 22
Starting HTML generation
Generating header
Processing 4 sections
Generating section 0
Starting section generation
Processing 4 fields
Generating field 0
Field 0 generated successfully
Generating field 1
Field 1 generated successfully
Generating field 2
Field 2 generated successfully
Generating field 3
Field 3 generated successfully
Section generation complete
Generating section 1
Starting section generation
Processing 3 fields
Generating field 0
Field 0 generated successfully
Generating field 1
Field 1 generated successfully
Generating field 2
Field 2 generated successfully
Section generation complete
Generating section 2
Starting section generation
Processing 3 fields
Generating field 0
Field 0 generated successfully
Generating field 1
Field 1 generated successfully
Generating field 2
Field 2 generated successfully
Section generation complete
Generating section 3
Starting section generation
Processing 3 fields
Generating field 0
Field 0 generated successfully
Generating field 1
Field 1 generated successfully
Generating field 2
Field 2 generated successfully
Section generation complete
HTML generation complete
