Starting HTML generation
Generating header
Processing 1 sections
Generating section 0
Starting section generation
Processing 10 fields
Generating field 0
Field 0 generated successfully
Generating field 1
Field 1 generated successfully
Generating field 2
Field 2 generated successfully
Generating field 3
Field 3 generated successfully
Generating field 4
Field 4 generated successfully
Generating field 5
Field 5 generated successfully
Generating field 6
Field 6 generated successfully
Generating field 7
Field 7 generated successfully
Generating field 8
Field 8 generated successfully
Generating field 9
Field 9 generated successfully
Section generation complete
HTML generation complete
