Starting HTML generation
Generating header
Processing 2 sections
Generating section 0
Starting section generation
Processing 3 fields
Generating field 0
Field 0 generated successfully
Generating field 1
Field 1 generated successfully
Generating field 2
Field 2 generated successfully
Section generation complete
Generating section 1
Starting section generation
Processing 2 fields
Generating field 0
Field 0 generated successfully
Generating field 1
Field 1 generated successfully
Section generation complete
HTML generation complete
