Starting HTML generation
Generating header
Processing 4 sections
Generating section 0
Starting section generation
Processing 1 fields
Generating field 0
Field 0 generated successfully
Section generation complete
Generating section 1
Starting section generation
Processing 1 fields
Generating field 0
Field 0 generated successfully
Section generation complete
Generating section 2
Starting section generation
Processing 1 fields
Generating field 0
Field 0 generated successfully
Section generation complete
Generating section 3
Starting section generation
Processing 1 fields
Generating field 0
Field 0 generated successfully
Section generation complete
HTML generation complete
